<?xml version="1.0" encoding="UTF-8"?>
<coverage generated="1700217890518" clover="3.2.0">
  <project timestamp="1700217890518" name="All files">
    <metrics statements="36" coveredstatements="36" conditionals="16" coveredconditionals="16" methods="3" coveredmethods="3" elements="55" coveredelements="55" complexity="0" loc="36" ncloc="36" packages="1" files="1" classes="1"/>
    <file name="index.ts" path="/home/peal-26/dev/packages/case-naming-conventer/src/index.ts">
      <metrics statements="36" coveredstatements="36" conditionals="16" coveredconditionals="16" methods="3" coveredmethods="3"/>
      <line num="2" count="2" type="stmt"/>
      <line num="3" count="2" type="stmt"/>
      <line num="4" count="2" type="stmt"/>
      <line num="5" count="2" type="stmt"/>
      <line num="6" count="27" type="cond" truecount="4" falsecount="0"/>
      <line num="7" count="4" type="stmt"/>
      <line num="9" count="23" type="cond" truecount="2" falsecount="0"/>
      <line num="10" count="9" type="stmt"/>
      <line num="12" count="14" type="cond" truecount="2" falsecount="0"/>
      <line num="13" count="13" type="stmt"/>
      <line num="15" count="1" type="stmt"/>
      <line num="17" count="2" type="stmt"/>
      <line num="18" count="2" type="stmt"/>
      <line num="19" count="6" type="stmt"/>
      <line num="20" count="5" type="cond" truecount="2" falsecount="0"/>
      <line num="21" count="1" type="stmt"/>
      <line num="22" count="4" type="stmt"/>
      <line num="23" count="4" type="stmt"/>
      <line num="24" count="5" type="stmt"/>
      <line num="25" count="5" type="cond" truecount="2" falsecount="0"/>
      <line num="26" count="2" type="stmt"/>
      <line num="29" count="3" type="stmt"/>
      <line num="32" count="4" type="stmt"/>
      <line num="34" count="2" type="stmt"/>
      <line num="35" count="2" type="stmt"/>
      <line num="36" count="6" type="stmt"/>
      <line num="37" count="5" type="cond" truecount="2" falsecount="0"/>
      <line num="38" count="1" type="stmt"/>
      <line num="39" count="4" type="stmt"/>
      <line num="40" count="4" type="stmt"/>
      <line num="41" count="5" type="stmt"/>
      <line num="42" count="5" type="cond" truecount="2" falsecount="0"/>
      <line num="43" count="2" type="stmt"/>
      <line num="46" count="3" type="stmt"/>
      <line num="49" count="4" type="stmt"/>
      <line num="51" count="2" type="stmt"/>
    </file>
  </project>
</coverage>
