{"/home/peal-26/dev/packages/case-naming-conventer/src/index.ts": {"path":"/home/peal-26/dev/packages/case-naming-conventer/src/index.ts","statementMap":{"0":{"start":{"line":2,"column":0},"end":{"line":2,"column":62}},"1":{"start":{"line":3,"column":0},"end":{"line":3,"column":79}},"2":{"start":{"line":4,"column":24},"end":{"line":4,"column":48}},"3":{"start":{"line":5,"column":24},"end":{"line":16,"column":1}},"4":{"start":{"line":6,"column":4},"end":{"line":8,"column":5}},"5":{"start":{"line":7,"column":8},"end":{"line":7,"column":43}},"6":{"start":{"line":9,"column":4},"end":{"line":11,"column":5}},"7":{"start":{"line":10,"column":8},"end":{"line":10,"column":24}},"8":{"start":{"line":12,"column":4},"end":{"line":14,"column":5}},"9":{"start":{"line":13,"column":8},"end":{"line":13,"column":24}},"10":{"start":{"line":15,"column":4},"end":{"line":15,"column":17}},"11":{"start":{"line":17,"column":0},"end":{"line":17,"column":42}},"12":{"start":{"line":18,"column":21},"end":{"line":33,"column":1}},"13":{"start":{"line":19,"column":17},"end":{"line":19,"column":52}},"14":{"start":{"line":20,"column":4},"end":{"line":21,"column":53}},"15":{"start":{"line":21,"column":8},"end":{"line":21,"column":53}},"16":{"start":{"line":22,"column":28},"end":{"line":22,"column":30}},"17":{"start":{"line":23,"column":4},"end":{"line":31,"column":5}},"18":{"start":{"line":24,"column":26},"end":{"line":24,"column":61}},"19":{"start":{"line":25,"column":8},"end":{"line":30,"column":9}},"20":{"start":{"line":26,"column":12},"end":{"line":26,"column":100}},"21":{"start":{"line":29,"column":12},"end":{"line":29,"column":73}},"22":{"start":{"line":32,"column":4},"end":{"line":32,"column":27}},"23":{"start":{"line":34,"column":0},"end":{"line":34,"column":36}},"24":{"start":{"line":35,"column":21},"end":{"line":50,"column":1}},"25":{"start":{"line":36,"column":17},"end":{"line":36,"column":52}},"26":{"start":{"line":37,"column":4},"end":{"line":38,"column":53}},"27":{"start":{"line":38,"column":8},"end":{"line":38,"column":53}},"28":{"start":{"line":39,"column":28},"end":{"line":39,"column":30}},"29":{"start":{"line":40,"column":4},"end":{"line":48,"column":5}},"30":{"start":{"line":41,"column":26},"end":{"line":41,"column":61}},"31":{"start":{"line":42,"column":8},"end":{"line":47,"column":9}},"32":{"start":{"line":43,"column":12},"end":{"line":43,"column":100}},"33":{"start":{"line":46,"column":12},"end":{"line":46,"column":73}},"34":{"start":{"line":49,"column":4},"end":{"line":49,"column":27}},"35":{"start":{"line":51,"column":0},"end":{"line":51,"column":36}}},"fnMap":{"0":{"name":"(anonymous_0)","decl":{"start":{"line":5,"column":24},"end":{"line":5,"column":25}},"loc":{"start":{"line":5,"column":35},"end":{"line":16,"column":1}},"line":5},"1":{"name":"(anonymous_1)","decl":{"start":{"line":18,"column":21},"end":{"line":18,"column":22}},"loc":{"start":{"line":18,"column":32},"end":{"line":33,"column":1}},"line":18},"2":{"name":"(anonymous_2)","decl":{"start":{"line":35,"column":21},"end":{"line":35,"column":22}},"loc":{"start":{"line":35,"column":32},"end":{"line":50,"column":1}},"line":35}},"branchMap":{"0":{"loc":{"start":{"line":6,"column":4},"end":{"line":8,"column":5}},"type":"if","locations":[{"start":{"line":6,"column":4},"end":{"line":8,"column":5}},{"start":{},"end":{}}],"line":6},"1":{"loc":{"start":{"line":6,"column":8},"end":{"line":6,"column":45}},"type":"binary-expr","locations":[{"start":{"line":6,"column":8},"end":{"line":6,"column":27}},{"start":{"line":6,"column":31},"end":{"line":6,"column":45}}],"line":6},"2":{"loc":{"start":{"line":9,"column":4},"end":{"line":11,"column":5}},"type":"if","locations":[{"start":{"line":9,"column":4},"end":{"line":11,"column":5}},{"start":{},"end":{}}],"line":9},"3":{"loc":{"start":{"line":12,"column":4},"end":{"line":14,"column":5}},"type":"if","locations":[{"start":{"line":12,"column":4},"end":{"line":14,"column":5}},{"start":{},"end":{}}],"line":12},"4":{"loc":{"start":{"line":20,"column":4},"end":{"line":21,"column":53}},"type":"if","locations":[{"start":{"line":20,"column":4},"end":{"line":21,"column":53}},{"start":{},"end":{}}],"line":20},"5":{"loc":{"start":{"line":25,"column":8},"end":{"line":30,"column":9}},"type":"if","locations":[{"start":{"line":25,"column":8},"end":{"line":30,"column":9}},{"start":{"line":28,"column":13},"end":{"line":30,"column":9}}],"line":25},"6":{"loc":{"start":{"line":37,"column":4},"end":{"line":38,"column":53}},"type":"if","locations":[{"start":{"line":37,"column":4},"end":{"line":38,"column":53}},{"start":{},"end":{}}],"line":37},"7":{"loc":{"start":{"line":42,"column":8},"end":{"line":47,"column":9}},"type":"if","locations":[{"start":{"line":42,"column":8},"end":{"line":47,"column":9}},{"start":{"line":45,"column":13},"end":{"line":47,"column":9}}],"line":42}},"s":{"0":2,"1":2,"2":2,"3":2,"4":27,"5":4,"6":23,"7":9,"8":14,"9":13,"10":1,"11":2,"12":2,"13":6,"14":5,"15":1,"16":4,"17":4,"18":5,"19":5,"20":2,"21":3,"22":4,"23":2,"24":2,"25":6,"26":5,"27":1,"28":4,"29":4,"30":5,"31":5,"32":2,"33":3,"34":4,"35":2},"f":{"0":27,"1":6,"2":6},"b":{"0":[4,23],"1":[27,26],"2":[9,14],"3":[13,1],"4":[1,4],"5":[2,3],"6":[1,4],"7":[2,3]},"_coverageSchema":"1a1c01bbd47fc00a2c39e90264f33305004495a9","hash":"f5092348bfa6d677c08d2250e2cdca6bdb368281"}
}
