TN:
SF:src/index.ts
FN:5,(anonymous_0)
FN:18,(anonymous_1)
FN:35,(anonymous_2)
FNF:3
FNH:3
FNDA:27,(anonymous_0)
FNDA:6,(anonymous_1)
FNDA:6,(anonymous_2)
DA:2,2
DA:3,2
DA:4,2
DA:5,2
DA:6,27
DA:7,4
DA:9,23
DA:10,9
DA:12,14
DA:13,13
DA:15,1
DA:17,2
DA:18,2
DA:19,6
DA:20,5
DA:21,1
DA:22,4
DA:23,4
DA:24,5
DA:25,5
DA:26,2
DA:29,3
DA:32,4
DA:34,2
DA:35,2
DA:36,6
DA:37,5
DA:38,1
DA:39,4
DA:40,4
DA:41,5
DA:42,5
DA:43,2
DA:46,3
DA:49,4
DA:51,2
LF:36
LH:36
BRDA:6,0,0,4
BRDA:6,0,1,23
BRDA:6,1,0,27
BRDA:6,1,1,26
BRDA:9,2,0,9
BRDA:9,2,1,14
BRDA:12,3,0,13
BRDA:12,3,1,1
BRDA:20,4,0,1
BRDA:20,4,1,4
BRDA:25,5,0,2
BRDA:25,5,1,3
BRDA:37,6,0,1
BRDA:37,6,1,4
BRDA:42,7,0,2
BRDA:42,7,1,3
BRF:16
BRH:16
end_of_record
